# JRE version: OpenJDK Runtime Environment (8.0_332-b08) (build 1.8.0_332-b08)
# Java VM: OpenJDK 64-Bit Server VM (25.332-b08 mixed mode windows-amd64 compressed oops)
Heap:
 PSYoungGen      total 181760K, used 12616K [0x00000000d6800000, 0x00000000e2a80000, 0x0000000100000000)
  eden space 169984K, 7% used [0x00000000d6800000,0x00000000d74522c0,0x00000000e0e00000)
  from space 11776K, 0% used [0x00000000e1900000,0x00000000e1900000,0x00000000e2480000)
  to   space 11264K, 0% used [0x00000000e0e00000,0x00000000e0e00000,0x00000000e1900000)
 ParOldGen       total 79872K, used 24932K [0x0000000083800000, 0x0000000088600000, 0x00000000d6800000)
  object space 79872K, 31% used [0x0000000083800000,0x0000000085059218,0x0000000088600000)
 Metaspace       used 57038K, capacity 60611K, committed 60800K, reserved 1101824K
  class space    used 7678K, capacity 8311K, committed 8320K, reserved 1048576K
GC Heap History (10 events):
Event: 4.684 GC heap before
{Heap before GC invocations=11 (full 2):
 PSYoungGen      total 181760K, used 169984K [0x00000000d6800000, 0x00000000e2a80000, 0x0000000100000000)
  eden space 169984K, 100% used [0x00000000d6800000,0x00000000e0e00000,0x00000000e0e00000)
  from space 11776K, 0% used [0x00000000e1900000,0x00000000e1900000,0x00000000e2480000)
  to   space 11264K, 0% used [0x00000000e0e00000,0x00000000e0e00000,0x00000000e1900000)
 ParOldGen       total 79872K, used 11683K [0x0000000083800000, 0x0000000088600000, 0x00000000d6800000)
  object space 79872K, 14% used [0x0000000083800000,0x0000000084368c48,0x0000000088600000)
 Metaspace       used 41101K, capacity 43657K, committed 43776K, reserved 1087488K
  class space    used 5547K, capacity 6047K, committed 6144K, reserved 1048576K
Event: 4.695 GC heap after
Heap after GC invocations=11 (full 2):
 PSYoungGen      total 181248K, used 7835K [0x00000000d6800000, 0x00000000e2a80000, 0x0000000100000000)
  eden space 169984K, 0% used [0x00000000d6800000,0x00000000d6800000,0x00000000e0e00000)
  from space 11264K, 69% used [0x00000000e0e00000,0x00000000e15a6f00,0x00000000e1900000)
  to   space 11776K, 0% used [0x00000000e1900000,0x00000000e1900000,0x00000000e2480000)
 ParOldGen       total 79872K, used 11755K [0x0000000083800000, 0x0000000088600000, 0x00000000d6800000)
  object space 79872K, 14% used [0x0000000083800000,0x000000008437ac58,0x0000000088600000)
 Metaspace       used 41101K, capacity 43657K, committed 43776K, reserved 1087488K
  class space    used 5547K, capacity 6047K, committed 6144K, reserved 1048576K
}
Event: 6.302 GC heap before
{Heap before GC invocations=12 (full 2):
 PSYoungGen      total 181248K, used 177819K [0x00000000d6800000, 0x00000000e2a80000, 0x0000000100000000)
  eden space 169984K, 100% used [0x00000000d6800000,0x00000000e0e00000,0x00000000e0e00000)
  from space 11264K, 69% used [0x00000000e0e00000,0x00000000e15a6f00,0x00000000e1900000)
  to   space 11776K, 0% used [0x00000000e1900000,0x00000000e1900000,0x00000000e2480000)
 ParOldGen       total 79872K, used 11755K [0x0000000083800000, 0x0000000088600000, 0x00000000d6800000)
  object space 79872K, 14% used [0x0000000083800000,0x000000008437ac58,0x0000000088600000)
 Metaspace       used 47727K, capacity 50633K, committed 50816K, reserved 1093632K
  class space    used 6367K, capacity 6935K, committed 7040K, reserved 1048576K
Event: 6.317 GC heap after
Heap after GC invocations=12 (full 2):
 PSYoungGen      total 181760K, used 11761K [0x00000000d6800000, 0x00000000e2a80000, 0x0000000100000000)
  eden space 169984K, 0% used [0x00000000d6800000,0x00000000d6800000,0x00000000e0e00000)
  from space 11776K, 99% used [0x00000000e1900000,0x00000000e247c498,0x00000000e2480000)
  to   space 11264K, 0% used [0x00000000e0e00000,0x00000000e0e00000,0x00000000e1900000)
 ParOldGen       total 79872K, used 13345K [0x0000000083800000, 0x0000000088600000, 0x00000000d6800000)
  object space 79872K, 16% used [0x0000000083800000,0x0000000084508670,0x0000000088600000)
 Metaspace       used 47727K, capacity 50633K, committed 50816K, reserved 1093632K
  class space    used 6367K, capacity 6935K, committed 7040K, reserved 1048576K
}
Event: 7.574 GC heap before
{Heap before GC invocations=13 (full 2):
 PSYoungGen      total 181760K, used 181745K [0x00000000d6800000, 0x00000000e2a80000, 0x0000000100000000)
  eden space 169984K, 100% used [0x00000000d6800000,0x00000000e0e00000,0x00000000e0e00000)
  from space 11776K, 99% used [0x00000000e1900000,0x00000000e247c498,0x00000000e2480000)
  to   space 11264K, 0% used [0x00000000e0e00000,0x00000000e0e00000,0x00000000e1900000)
 ParOldGen       total 79872K, used 13345K [0x0000000083800000, 0x0000000088600000, 0x00000000d6800000)
  object space 79872K, 16% used [0x0000000083800000,0x0000000084508670,0x0000000088600000)
 Metaspace       used 51958K, capacity 55315K, committed 55552K, reserved 1097728K
  class space    used 6975K, capacity 7586K, committed 7680K, reserved 1048576K
Event: 7.596 GC heap after
Heap after GC invocations=13 (full 2):
 PSYoungGen      total 181248K, used 9560K [0x00000000d6800000, 0x00000000e2a80000, 0x0000000100000000)
  eden space 169984K, 0% used [0x00000000d6800000,0x00000000d6800000,0x00000000e0e00000)
  from space 11264K, 84% used [0x00000000e0e00000,0x00000000e17563b8,0x00000000e1900000)
  to   space 11776K, 0% used [0x00000000e1900000,0x00000000e1900000,0x00000000e2480000)
 ParOldGen       total 79872K, used 22011K [0x0000000083800000, 0x0000000088600000, 0x00000000d6800000)
  object space 79872K, 27% used [0x0000000083800000,0x0000000084d7ed80,0x0000000088600000)
 Metaspace       used 51958K, capacity 55315K, committed 55552K, reserved 1097728K
  class space    used 6975K, capacity 7586K, committed 7680K, reserved 1048576K
}
Event: 8.403 GC heap before
{Heap before GC invocations=14 (full 2):
 PSYoungGen      total 181248K, used 128506K [0x00000000d6800000, 0x00000000e2a80000, 0x0000000100000000)
  eden space 169984K, 69% used [0x00000000d6800000,0x00000000ddc28528,0x00000000e0e00000)
  from space 11264K, 84% used [0x00000000e0e00000,0x00000000e17563b8,0x00000000e1900000)
  to   space 11776K, 0% used [0x00000000e1900000,0x00000000e1900000,0x00000000e2480000)
 ParOldGen       total 79872K, used 22011K [0x0000000083800000, 0x0000000088600000, 0x00000000d6800000)
  object space 79872K, 27% used [0x0000000083800000,0x0000000084d7ed80,0x0000000088600000)
 Metaspace       used 55543K, capacity 59067K, committed 59136K, reserved 1099776K
  class space    used 7517K, capacity 8169K, committed 8192K, reserved 1048576K
Event: 8.412 GC heap after
Heap after GC invocations=14 (full 2):
 PSYoungGen      total 181760K, used 5725K [0x00000000d6800000, 0x00000000e2a80000, 0x0000000100000000)
  eden space 169984K, 0% used [0x00000000d6800000,0x00000000d6800000,0x00000000e0e00000)
  from space 11776K, 48% used [0x00000000e1900000,0x00000000e1e97798,0x00000000e2480000)
  to   space 11264K, 0% used [0x00000000e0e00000,0x00000000e0e00000,0x00000000e1900000)
 ParOldGen       total 79872K, used 26035K [0x0000000083800000, 0x0000000088600000, 0x00000000d6800000)
  object space 79872K, 32% used [0x0000000083800000,0x000000008516cdc0,0x0000000088600000)
 Metaspace       used 55543K, capacity 59067K, committed 59136K, reserved 1099776K
  class space    used 7517K, capacity 8169K, committed 8192K, reserved 1048576K
}
Event: 8.412 GC heap before
{Heap before GC invocations=15 (full 3):
 PSYoungGen      total 181760K, used 5725K [0x00000000d6800000, 0x00000000e2a80000, 0x0000000100000000)
  eden space 169984K, 0% used [0x00000000d6800000,0x00000000d6800000,0x00000000e0e00000)
  from space 11776K, 48% used [0x00000000e1900000,0x00000000e1e97798,0x00000000e2480000)
  to   space 11264K, 0% used [0x00000000e0e00000,0x00000000e0e00000,0x00000000e1900000)
 ParOldGen       total 79872K, used 26035K [0x0000000083800000, 0x0000000088600000, 0x00000000d6800000)
  object space 79872K, 32% used [0x0000000083800000,0x000000008516cdc0,0x0000000088600000)
 Metaspace       used 55543K, capacity 59067K, committed 59136K, reserved 1099776K
  class space    used 7517K, capacity 8169K, committed 8192K, reserved 1048576K
Event: 8.528 GC heap after
Heap after GC invocations=15 (full 3):
 PSYoungGen      total 181760K, used 0K [0x00000000d6800000, 0x00000000e2a80000, 0x0000000100000000)
  eden space 169984K, 0% used [0x00000000d6800000,0x00000000d6800000,0x00000000e0e00000)
  from space 11776K, 0% used [0x00000000e1900000,0x00000000e1900000,0x00000000e2480000)
  to   space 11264K, 0% used [0x00000000e0e00000,0x00000000e0e00000,0x00000000e1900000)
 ParOldGen       total 79872K, used 24932K [0x0000000083800000, 0x0000000088600000, 0x00000000d6800000)
  object space 79872K, 31% used [0x0000000083800000,0x0000000085059218,0x0000000088600000)
 Metaspace       used 55543K, capacity 59067K, committed 59136K, reserved 1099776K
  class space    used 7517K, capacity 8169K, committed 8192K, reserved 1048576K
}

