# JRE version: OpenJDK Runtime Environment (8.0_332-b08) (build 1.8.0_332-b08)
# Java VM: OpenJDK 64-Bit Server VM (25.332-b08 mixed mode windows-amd64 compressed oops)
Heap:
 PSYoungGen      total 70656K, used 61061K [0x00000000d6800000, 0x00000000db200000, 0x0000000100000000)
  eden space 65536K, 93% used [0x00000000d6800000,0x00000000da3a16d8,0x00000000da800000)
  from space 5120K, 0% used [0x00000000dad00000,0x00000000dad00000,0x00000000db200000)
  to   space 5120K, 0% used [0x00000000da800000,0x00000000da800000,0x00000000dad00000)
 ParOldGen       total 54784K, used 7632K [0x0000000083800000, 0x0000000086d80000, 0x00000000d6800000)
  object space 54784K, 13% used [0x0000000083800000,0x0000000083f740e8,0x0000000086d80000)
 Metaspace       used 24080K, capacity 25766K, committed 26112K, reserved 1071104K
  class space    used 3143K, capacity 3459K, committed 3584K, reserved 1048576K
GC Heap History (10 events):
Event: 1.244 GC heap before
{Heap before GC invocations=1 (full 0):
 PSYoungGen      total 37888K, used 32768K [0x00000000d6800000, 0x00000000d9200000, 0x0000000100000000)
  eden space 32768K, 100% used [0x00000000d6800000,0x00000000d8800000,0x00000000d8800000)
  from space 5120K, 0% used [0x00000000d8d00000,0x00000000d8d00000,0x00000000d9200000)
  to   space 5120K, 0% used [0x00000000d8800000,0x00000000d8800000,0x00000000d8d00000)
 ParOldGen       total 86016K, used 0K [0x0000000083800000, 0x0000000088c00000, 0x00000000d6800000)
  object space 86016K, 0% used [0x0000000083800000,0x0000000083800000,0x0000000088c00000)
 Metaspace       used 8687K, capacity 9504K, committed 9728K, reserved 1058816K
  class space    used 1112K, capacity 1275K, committed 1280K, reserved 1048576K
Event: 1.249 GC heap after
Heap after GC invocations=1 (full 0):
 PSYoungGen      total 37888K, used 4439K [0x00000000d6800000, 0x00000000d9200000, 0x0000000100000000)
  eden space 32768K, 0% used [0x00000000d6800000,0x00000000d6800000,0x00000000d8800000)
  from space 5120K, 86% used [0x00000000d8800000,0x00000000d8c55e48,0x00000000d8d00000)
  to   space 5120K, 0% used [0x00000000d8d00000,0x00000000d8d00000,0x00000000d9200000)
 ParOldGen       total 86016K, used 39K [0x0000000083800000, 0x0000000088c00000, 0x00000000d6800000)
  object space 86016K, 0% used [0x0000000083800000,0x0000000083809c40,0x0000000088c00000)
 Metaspace       used 8687K, capacity 9504K, committed 9728K, reserved 1058816K
  class space    used 1112K, capacity 1275K, committed 1280K, reserved 1048576K
}
Event: 1.619 GC heap before
{Heap before GC invocations=2 (full 0):
 PSYoungGen      total 37888K, used 37207K [0x00000000d6800000, 0x00000000d9200000, 0x0000000100000000)
  eden space 32768K, 100% used [0x00000000d6800000,0x00000000d8800000,0x00000000d8800000)
  from space 5120K, 86% used [0x00000000d8800000,0x00000000d8c55e48,0x00000000d8d00000)
  to   space 5120K, 0% used [0x00000000d8d00000,0x00000000d8d00000,0x00000000d9200000)
 ParOldGen       total 86016K, used 39K [0x0000000083800000, 0x0000000088c00000, 0x00000000d6800000)
  object space 86016K, 0% used [0x0000000083800000,0x0000000083809c40,0x0000000088c00000)
 Metaspace       used 12858K, capacity 13996K, committed 14208K, reserved 1060864K
  class space    used 1621K, capacity 1874K, committed 1920K, reserved 1048576K
Event: 1.623 GC heap after
Heap after GC invocations=2 (full 0):
 PSYoungGen      total 37888K, used 5088K [0x00000000d6800000, 0x00000000d9200000, 0x0000000100000000)
  eden space 32768K, 0% used [0x00000000d6800000,0x00000000d6800000,0x00000000d8800000)
  from space 5120K, 99% used [0x00000000d8d00000,0x00000000d91f83b8,0x00000000d9200000)
  to   space 5120K, 0% used [0x00000000d8800000,0x00000000d8800000,0x00000000d8d00000)
 ParOldGen       total 86016K, used 892K [0x0000000083800000, 0x0000000088c00000, 0x00000000d6800000)
  object space 86016K, 1% used [0x0000000083800000,0x00000000838df110,0x0000000088c00000)
 Metaspace       used 12858K, capacity 13996K, committed 14208K, reserved 1060864K
  class space    used 1621K, capacity 1874K, committed 1920K, reserved 1048576K
}
Event: 2.109 GC heap before
{Heap before GC invocations=3 (full 0):
 PSYoungGen      total 37888K, used 37856K [0x00000000d6800000, 0x00000000d9200000, 0x0000000100000000)
  eden space 32768K, 100% used [0x00000000d6800000,0x00000000d8800000,0x00000000d8800000)
  from space 5120K, 99% used [0x00000000d8d00000,0x00000000d91f83b8,0x00000000d9200000)
  to   space 5120K, 0% used [0x00000000d8800000,0x00000000d8800000,0x00000000d8d00000)
 ParOldGen       total 86016K, used 892K [0x0000000083800000, 0x0000000088c00000, 0x00000000d6800000)
  object space 86016K, 1% used [0x0000000083800000,0x00000000838df110,0x0000000088c00000)
 Metaspace       used 16407K, capacity 17876K, committed 18048K, reserved 1064960K
  class space    used 2129K, capacity 2424K, committed 2432K, reserved 1048576K
Event: 2.122 GC heap after
Heap after GC invocations=3 (full 0):
 PSYoungGen      total 37888K, used 5093K [0x00000000d6800000, 0x00000000db200000, 0x0000000100000000)
  eden space 32768K, 0% used [0x00000000d6800000,0x00000000d6800000,0x00000000d8800000)
  from space 5120K, 99% used [0x00000000d8800000,0x00000000d8cf9580,0x00000000d8d00000)
  to   space 5120K, 0% used [0x00000000dad00000,0x00000000dad00000,0x00000000db200000)
 ParOldGen       total 86016K, used 2928K [0x0000000083800000, 0x0000000088c00000, 0x00000000d6800000)
  object space 86016K, 3% used [0x0000000083800000,0x0000000083adc288,0x0000000088c00000)
 Metaspace       used 16407K, capacity 17876K, committed 18048K, reserved 1064960K
  class space    used 2129K, capacity 2424K, committed 2432K, reserved 1048576K
}
Event: 2.429 GC heap before
{Heap before GC invocations=4 (full 0):
 PSYoungGen      total 37888K, used 34127K [0x00000000d6800000, 0x00000000db200000, 0x0000000100000000)
  eden space 32768K, 88% used [0x00000000d6800000,0x00000000d845a9e8,0x00000000d8800000)
  from space 5120K, 99% used [0x00000000d8800000,0x00000000d8cf9580,0x00000000d8d00000)
  to   space 5120K, 0% used [0x00000000dad00000,0x00000000dad00000,0x00000000db200000)
 ParOldGen       total 86016K, used 2928K [0x0000000083800000, 0x0000000088c00000, 0x00000000d6800000)
  object space 86016K, 3% used [0x0000000083800000,0x0000000083adc288,0x0000000088c00000)
 Metaspace       used 19571K, capacity 21200K, committed 21296K, reserved 1067008K
  class space    used 2562K, capacity 2884K, committed 2944K, reserved 1048576K
Event: 2.438 GC heap after
Heap after GC invocations=4 (full 0):
 PSYoungGen      total 70656K, used 5118K [0x00000000d6800000, 0x00000000db200000, 0x0000000100000000)
  eden space 65536K, 0% used [0x00000000d6800000,0x00000000d6800000,0x00000000da800000)
  from space 5120K, 99% used [0x00000000dad00000,0x00000000db1ff8b8,0x00000000db200000)
  to   space 5120K, 0% used [0x00000000da800000,0x00000000da800000,0x00000000dad00000)
 ParOldGen       total 86016K, used 5562K [0x0000000083800000, 0x0000000088c00000, 0x00000000d6800000)
  object space 86016K, 6% used [0x0000000083800000,0x0000000083d6e9c0,0x0000000088c00000)
 Metaspace       used 19571K, capacity 21200K, committed 21296K, reserved 1067008K
  class space    used 2562K, capacity 2884K, committed 2944K, reserved 1048576K
}
Event: 2.438 GC heap before
{Heap before GC invocations=5 (full 1):
 PSYoungGen      total 70656K, used 5118K [0x00000000d6800000, 0x00000000db200000, 0x0000000100000000)
  eden space 65536K, 0% used [0x00000000d6800000,0x00000000d6800000,0x00000000da800000)
  from space 5120K, 99% used [0x00000000dad00000,0x00000000db1ff8b8,0x00000000db200000)
  to   space 5120K, 0% used [0x00000000da800000,0x00000000da800000,0x00000000dad00000)
 ParOldGen       total 86016K, used 5562K [0x0000000083800000, 0x0000000088c00000, 0x00000000d6800000)
  object space 86016K, 6% used [0x0000000083800000,0x0000000083d6e9c0,0x0000000088c00000)
 Metaspace       used 19571K, capacity 21200K, committed 21296K, reserved 1067008K
  class space    used 2562K, capacity 2884K, committed 2944K, reserved 1048576K
Event: 2.458 GC heap after
Heap after GC invocations=5 (full 1):
 PSYoungGen      total 70656K, used 0K [0x00000000d6800000, 0x00000000db200000, 0x0000000100000000)
  eden space 65536K, 0% used [0x00000000d6800000,0x00000000d6800000,0x00000000da800000)
  from space 5120K, 0% used [0x00000000dad00000,0x00000000dad00000,0x00000000db200000)
  to   space 5120K, 0% used [0x00000000da800000,0x00000000da800000,0x00000000dad00000)
 ParOldGen       total 54784K, used 7632K [0x0000000083800000, 0x0000000086d80000, 0x00000000d6800000)
  object space 54784K, 13% used [0x0000000083800000,0x0000000083f740e8,0x0000000086d80000)
 Metaspace       used 19571K, capacity 21200K, committed 21296K, reserved 1067008K
  class space    used 2562K, capacity 2884K, committed 2944K, reserved 1048576K
}

