# JRE version: OpenJDK Runtime Environment (8.0_332-b08) (build 1.8.0_332-b08)
# Java VM: OpenJDK 64-Bit Server VM (25.332-b08 mixed mode windows-amd64 compressed oops)
Heap:
 PSYoungGen      total 136192K, used 12630K [0x00000000d6800000, 0x00000000e7600000, 0x0000000100000000)
  eden space 131072K, 5% used [0x00000000d6800000,0x00000000d6f573e8,0x00000000de800000)
  from space 5120K, 99% used [0x00000000de800000,0x00000000decfe7c0,0x00000000ded00000)
  to   space 12288K, 0% used [0x00000000e6a00000,0x00000000e6a00000,0x00000000e7600000)
 ParOldGen       total 47104K, used 10674K [0x0000000083800000, 0x0000000086600000, 0x00000000d6800000)
  object space 47104K, 22% used [0x0000000083800000,0x000000008426c838,0x0000000086600000)
 Metaspace       used 27073K, capacity 28904K, committed 29056K, reserved 1075200K
  class space    used 3589K, capacity 3950K, committed 3968K, reserved 1048576K
GC Heap History (10 events):
Event: 1.505 GC heap before
{Heap before GC invocations=2 (full 0):
 PSYoungGen      total 37888K, used 37622K [0x00000000d6800000, 0x00000000db200000, 0x0000000100000000)
  eden space 32768K, 100% used [0x00000000d6800000,0x00000000d8800000,0x00000000d8800000)
  from space 5120K, 94% used [0x00000000d8800000,0x00000000d8cbd8a0,0x00000000d8d00000)
  to   space 5120K, 0% used [0x00000000dad00000,0x00000000dad00000,0x00000000db200000)
 ParOldGen       total 86016K, used 8K [0x0000000083800000, 0x0000000088c00000, 0x00000000d6800000)
  object space 86016K, 0% used [0x0000000083800000,0x0000000083802000,0x0000000088c00000)
 Metaspace       used 13058K, capacity 14216K, committed 14464K, reserved 1062912K
  class space    used 1664K, capacity 1906K, committed 1920K, reserved 1048576K
Event: 1.512 GC heap after
Heap after GC invocations=2 (full 0):
 PSYoungGen      total 70656K, used 5106K [0x00000000d6800000, 0x00000000db200000, 0x0000000100000000)
  eden space 65536K, 0% used [0x00000000d6800000,0x00000000d6800000,0x00000000da800000)
  from space 5120K, 99% used [0x00000000dad00000,0x00000000db1fc998,0x00000000db200000)
  to   space 5120K, 0% used [0x00000000da800000,0x00000000da800000,0x00000000dad00000)
 ParOldGen       total 86016K, used 1176K [0x0000000083800000, 0x0000000088c00000, 0x00000000d6800000)
  object space 86016K, 1% used [0x0000000083800000,0x0000000083926238,0x0000000088c00000)
 Metaspace       used 13058K, capacity 14216K, committed 14464K, reserved 1062912K
  class space    used 1664K, capacity 1906K, committed 1920K, reserved 1048576K
}
Event: 2.227 GC heap before
{Heap before GC invocations=3 (full 0):
 PSYoungGen      total 70656K, used 70642K [0x00000000d6800000, 0x00000000db200000, 0x0000000100000000)
  eden space 65536K, 100% used [0x00000000d6800000,0x00000000da800000,0x00000000da800000)
  from space 5120K, 99% used [0x00000000dad00000,0x00000000db1fc998,0x00000000db200000)
  to   space 5120K, 0% used [0x00000000da800000,0x00000000da800000,0x00000000dad00000)
 ParOldGen       total 86016K, used 1176K [0x0000000083800000, 0x0000000088c00000, 0x00000000d6800000)
  object space 86016K, 1% used [0x0000000083800000,0x0000000083926238,0x0000000088c00000)
 Metaspace       used 19636K, capacity 21252K, committed 21296K, reserved 1067008K
  class space    used 2621K, capacity 2944K, committed 2944K, reserved 1048576K
Event: 2.237 GC heap after
Heap after GC invocations=3 (full 0):
 PSYoungGen      total 70656K, used 5107K [0x00000000d6800000, 0x00000000df200000, 0x0000000100000000)
  eden space 65536K, 0% used [0x00000000d6800000,0x00000000d6800000,0x00000000da800000)
  from space 5120K, 99% used [0x00000000da800000,0x00000000dacfce90,0x00000000dad00000)
  to   space 5120K, 0% used [0x00000000ded00000,0x00000000ded00000,0x00000000df200000)
 ParOldGen       total 86016K, used 6454K [0x0000000083800000, 0x0000000088c00000, 0x00000000d6800000)
  object space 86016K, 7% used [0x0000000083800000,0x0000000083e4da90,0x0000000088c00000)
 Metaspace       used 19636K, capacity 21252K, committed 21296K, reserved 1067008K
  class space    used 2621K, capacity 2944K, committed 2944K, reserved 1048576K
}
Event: 2.239 GC heap before
{Heap before GC invocations=4 (full 0):
 PSYoungGen      total 70656K, used 6752K [0x00000000d6800000, 0x00000000df200000, 0x0000000100000000)
  eden space 65536K, 2% used [0x00000000d6800000,0x00000000d699b410,0x00000000da800000)
  from space 5120K, 99% used [0x00000000da800000,0x00000000dacfce90,0x00000000dad00000)
  to   space 5120K, 0% used [0x00000000ded00000,0x00000000ded00000,0x00000000df200000)
 ParOldGen       total 86016K, used 6454K [0x0000000083800000, 0x0000000088c00000, 0x00000000d6800000)
  object space 86016K, 7% used [0x0000000083800000,0x0000000083e4da90,0x0000000088c00000)
 Metaspace       used 19661K, capacity 21252K, committed 21296K, reserved 1067008K
  class space    used 2623K, capacity 2944K, committed 2944K, reserved 1048576K
Event: 2.246 GC heap after
Heap after GC invocations=4 (full 0):
 PSYoungGen      total 136192K, used 5088K [0x00000000d6800000, 0x00000000df200000, 0x0000000100000000)
  eden space 131072K, 0% used [0x00000000d6800000,0x00000000d6800000,0x00000000de800000)
  from space 5120K, 99% used [0x00000000ded00000,0x00000000df1f8320,0x00000000df200000)
  to   space 5120K, 0% used [0x00000000de800000,0x00000000de800000,0x00000000ded00000)
 ParOldGen       total 86016K, used 6528K [0x0000000083800000, 0x0000000088c00000, 0x00000000d6800000)
  object space 86016K, 7% used [0x0000000083800000,0x0000000083e603a0,0x0000000088c00000)
 Metaspace       used 19661K, capacity 21252K, committed 21296K, reserved 1067008K
  class space    used 2623K, capacity 2944K, committed 2944K, reserved 1048576K
}
Event: 2.246 GC heap before
{Heap before GC invocations=5 (full 1):
 PSYoungGen      total 136192K, used 5088K [0x00000000d6800000, 0x00000000df200000, 0x0000000100000000)
  eden space 131072K, 0% used [0x00000000d6800000,0x00000000d6800000,0x00000000de800000)
  from space 5120K, 99% used [0x00000000ded00000,0x00000000df1f8320,0x00000000df200000)
  to   space 5120K, 0% used [0x00000000de800000,0x00000000de800000,0x00000000ded00000)
 ParOldGen       total 86016K, used 6528K [0x0000000083800000, 0x0000000088c00000, 0x00000000d6800000)
  object space 86016K, 7% used [0x0000000083800000,0x0000000083e603a0,0x0000000088c00000)
 Metaspace       used 19661K, capacity 21252K, committed 21296K, reserved 1067008K
  class space    used 2623K, capacity 2944K, committed 2944K, reserved 1048576K
Event: 2.279 GC heap after
Heap after GC invocations=5 (full 1):
 PSYoungGen      total 136192K, used 0K [0x00000000d6800000, 0x00000000df200000, 0x0000000100000000)
  eden space 131072K, 0% used [0x00000000d6800000,0x00000000d6800000,0x00000000de800000)
  from space 5120K, 0% used [0x00000000ded00000,0x00000000ded00000,0x00000000df200000)
  to   space 5120K, 0% used [0x00000000de800000,0x00000000de800000,0x00000000ded00000)
 ParOldGen       total 47104K, used 5735K [0x0000000083800000, 0x0000000086600000, 0x00000000d6800000)
  object space 47104K, 12% used [0x0000000083800000,0x0000000083d99fb8,0x0000000086600000)
 Metaspace       used 19661K, capacity 21252K, committed 21296K, reserved 1067008K
  class space    used 2623K, capacity 2944K, committed 2944K, reserved 1048576K
}
Event: 2.828 GC heap before
{Heap before GC invocations=6 (full 1):
 PSYoungGen      total 136192K, used 131072K [0x00000000d6800000, 0x00000000df200000, 0x0000000100000000)
  eden space 131072K, 100% used [0x00000000d6800000,0x00000000de800000,0x00000000de800000)
  from space 5120K, 0% used [0x00000000ded00000,0x00000000ded00000,0x00000000df200000)
  to   space 5120K, 0% used [0x00000000de800000,0x00000000de800000,0x00000000ded00000)
 ParOldGen       total 47104K, used 5735K [0x0000000083800000, 0x0000000086600000, 0x00000000d6800000)
  object space 47104K, 12% used [0x0000000083800000,0x0000000083d99fb8,0x0000000086600000)
 Metaspace       used 26801K, capacity 28616K, committed 28800K, reserved 1075200K
  class space    used 3560K, capacity 3918K, committed 3968K, reserved 1048576K
Event: 2.838 GC heap after
Heap after GC invocations=6 (full 1):
 PSYoungGen      total 136192K, used 5113K [0x00000000d6800000, 0x00000000e7600000, 0x0000000100000000)
  eden space 131072K, 0% used [0x00000000d6800000,0x00000000d6800000,0x00000000de800000)
  from space 5120K, 99% used [0x00000000de800000,0x00000000decfe7c0,0x00000000ded00000)
  to   space 12288K, 0% used [0x00000000e6a00000,0x00000000e6a00000,0x00000000e7600000)
 ParOldGen       total 47104K, used 10674K [0x0000000083800000, 0x0000000086600000, 0x00000000d6800000)
  object space 47104K, 22% used [0x0000000083800000,0x000000008426c838,0x0000000086600000)
 Metaspace       used 26801K, capacity 28616K, committed 28800K, reserved 1075200K
  class space    used 3560K, capacity 3918K, committed 3968K, reserved 1048576K
}

